Feb 09 12:56 : config: option 'buffer_time' on line 219 was not recognized
Feb 09 12:56 : update: added /水星记.mp3
Feb 09 12:56 : update: added /冬眠.mp3
Feb 09 12:56 : update: added /任然 - 你好陌生人.mp3
Feb 09 12:56 : update: added /入海-毛不易.mp3
Feb 09 12:56 : update: added /梦然 - 少年.mp3
Feb 09 12:56 : update: added /光.mp3
Feb 09 12:56 : update: added /shall we talk.（acoustic） - 8bite.mp3
Feb 09 12:56 : update: added /可不可以.mp3
Feb 09 12:56 : update: added /无名之辈-陈雪燃.mp3
Feb 09 12:56 : update: added /溯 (Reverse) feat. 马吟吟 - CORSAK胡梦周、马吟吟.mp3
Feb 09 12:56 : update: added /微微.mp3
Feb 09 12:56 : update: added /一叶知秋 - Y.Z.H、李晨曦Chrisulous.mp3
Feb 09 12:56 : update: added /你总要学会往前走 (男版) - 小灿.mp3
Feb 09 12:56 : update: added /Jake Miller - LAST TEXT.mp3
Feb 09 12:56 : update: added /周杰伦-七里香.mp3
Feb 09 12:56 : update: added /化风行万里 - 大欢.mp3
Feb 09 12:56 : update: added /大鱼.mp3
Feb 09 12:56 : update: added /后来的你在哪 - 树泽.mp3
Feb 09 12:56 : update: added /Sick Of You - Mason Murphy、Parker Rudd.mp3
Feb 09 12:56 : update: added /黄霄雲-星辰大海.mp3
Feb 09 12:56 : update: added /Andy(烟嗓版) - 半吨兄弟.mp3
Feb 09 12:56 : update: added /会不会.mp3
Feb 09 12:56 : update: added /篝火旁.mp3
Feb 09 12:56 : update: added /My Heart Will Go On - 满舒克、MuSik I.mp3
Feb 09 12:56 : update: added /陈雪凝 - 你的酒馆对我打了烊.mp3
Feb 09 12:56 : update: added /五四版错位时空.mp3
Feb 09 12:56 : update: added /这个世界谁真的在乎我 - 常超凡.mp3
Feb 09 12:56 : update: added /Michael Martin Murphey - Lost River.mp3
Feb 09 12:56 : update: added /野花做了场玫瑰花的梦 - 杨友友.mp3
Feb 09 12:56 : update: added /夏天的风.mp3
Feb 09 12:56 : update: added /无名的人-毛不易.mp3
Feb 09 12:56 : update: added /LBI利比 - 洛杉矶.mp3
Feb 09 12:56 : update: added /Alan Walker - Faded.mp3
Feb 09 12:56 : update: added /所念皆星河-房东的猫.mp3
Feb 09 12:56 : update: added /踏山河 - 七叔（叶泽浩）.mp3
Feb 09 12:56 : update: added /我不信你不惭愧(是你的心里有鬼) - 耳朵便利店.mp3
Feb 09 12:56 : update: added /Umbrella (Matte Remix).mp3
Feb 09 12:56 : update: added /李白.mp3
Feb 09 12:56 : update: added /国际歌-唐朝乐队.mp3
Feb 09 12:56 : update: added /Beyond-光辉岁月.mp3
Feb 09 12:56 : update: added /周杰伦-告白气球.mp3
Feb 09 12:56 : update: added /Chase White、Jimmy Burney - Mrs Right.mp3
Feb 09 12:56 : update: added /我都明白.mp3
Feb 09 12:56 : update: added /Beyond - 海阔天空.mp3
Feb 09 12:56 : update: added /Have You Ever Seen The Rain(feat. Music Travel Love) - Horizon Blue、Bob Moffatt、Clint Moffatt、Music Travel Love.mp3
Feb 09 12:56 : update: added /你的轮廓.mp3
Feb 09 12:56 : update: added /无人之岛.mp3
Feb 09 12:56 : update: added /Carry You Home(feat.Maruja Retana&RUI).mp3
Feb 09 12:56 : update: added /爱在西元前 - 周杰伦.mp3
Feb 09 12:56 : update: added /放空.mp3
Feb 09 12:56 : update: added /叶启田 - 爱拼才会赢(闽).mp3
Feb 09 12:56 : update: added /秋天不回来.mp3
Feb 09 12:56 : update: added /一路向北 - 周杰伦.mp3
Feb 09 12:56 : update: added /湖-李棒棒Muti.mp3
Feb 09 12:56 : update: added /像我这样的人-毛不易.mp3
Feb 09 12:56 : update: added /陈苏通 - 水手+星星点灯（新版）.mp3
Feb 09 12:56 : update: added /陪你走过一年四季.mp3
Feb 09 12:56 : update: added /茄子蛋 - 浪子回頭.mp3
Feb 09 12:56 : update: added /迷失幻境-IN.mp3
Feb 09 12:56 : update: added /潮汐.mp3
Feb 09 12:56 : update: added /向云端 - 小霞、海洋Bo.mp3
Feb 09 12:56 : update: added /和风赴你-司南.mp3
Feb 09 12:56 : update: added /烟(许佳豪) - 删了吧.mp3
Feb 09 12:56 : update: added /着迷.mp3
Feb 09 12:56 : update: added /万有引力 - F_yy.mp3
Feb 09 12:56 : update: added /致你-yihuik苡慧.mp3
Feb 09 12:56 : update: added /XMASwu(吴骜) - 7 %.mp3
Feb 09 12:56 : update: added /星空剪影.mp3
Feb 09 12:56 : update: added /See You Again-See You Again.mp3
Feb 09 12:56 : update: added /花海 - 周杰伦.mp3
Feb 09 12:56 : update: added /坠落星空-小星星Aurora.mp3
Feb 09 12:56 : update: added /JAEFOREAL、蜡笔大Boom - 追梦的蚂蚁.mp3
Feb 09 12:56 : update: added /命运.mp3
Feb 09 12:56 : update: added /小蓝背心 - 星空与你.mp3
Feb 09 12:56 : update: added /那女孩对我说.mp3
Feb 09 12:56 : update: added /程佳佳-山楂树の恋.mp3
Feb 09 12:56 : update: added /余生皆是你-小蓝背心.mp3
Feb 09 12:56 : update: added /爱与狂想-新乐尘符、谣君.mp3
Feb 09 12:56 : update: added /我的名字-袁小葳.mp3
Feb 09 12:56 : update: added /周杰伦-晴天.mp3
Feb 09 12:56 : update: added /周杰伦-听妈妈的话.mp3
Feb 09 12:56 : update: added /7 Years-Lukas Graham.mp3
Feb 09 12:56 : update: added /回到夏天.mp3
Feb 09 12:56 : update: added /月亮之矢 - 孤矢、虞娱.mp3
Feb 09 12:56 : update: added /我从人间走过(实体版) - 瞳荧.mp3
Feb 09 12:56 : update: added /平凡的一天-毛不易.mp3
Feb 09 12:56 : update: added /有些.mp3
Feb 09 12:56 : update: added /骄傲的少年-南征北战NZBZ.mp3
Feb 09 12:56 : update: added /Noel Parlane - Everybody's Here.mp3
Feb 09 12:56 : update: added /听悲伤的情歌 - 苏星婕.mp3
Feb 09 12:56 : update: added /万有引力.mp3
Feb 09 12:56 : update: added /IN-K_王忻辰_苏星婕-落日与晚风.mp3
Feb 09 12:56 : update: added /我在未来等你-好妹妹.mp3
Feb 09 12:56 : update: added /目及皆是你.mp3
Feb 09 12:56 : update: added /雨爱（雨上晴空）.mp3
Feb 09 12:56 : update: added /小蓝背心 - 微风与你.mp3
Feb 09 12:56 : update: added /星河万里.mp3
Feb 09 12:56 : update: added /Back to That(Stripped) - Jared Lee.mp3
Feb 09 12:56 : update: added /yihuik苡慧 - 如果呢（女声版）.mp3
Feb 09 12:56 : update: added /恋爱画板.mp3
Feb 09 12:56 : update: added /光年之外 (电影《太空旅客》主题曲).mp3
Feb 09 12:56 : update: added /喀秋莎.mp3
Feb 09 12:56 : update: added /璨乐团 - 飞-致我们的星辰大海.mp3
Feb 09 12:56 : update: added /黄霄雲-重返地球.mp3
Feb 09 12:56 : update: added /我的纸飞机 - GooGoo、王之睿.mp3
Feb 09 12:56 : update: added /代名词.mp3
Feb 09 12:56 : update: added /How I Lost Control.mp3
Feb 09 12:56 : update: added /刚好遇见你 - 李玉刚.mp3
Feb 09 12:56 : update: added /Slushii-Past_Lives.mp3
Feb 09 12:56 : update: added /一路生花 - 温奕心.mp3
Feb 09 12:56 : update: added /我们都是追梦人-秦岚、江疏影、景甜、王俊凯、王源、易烊千玺、吴磊.mp3
Feb 09 12:56 : update: added /罗大佑 - 童年.mp3
Feb 09 12:56 : update: added /所念皆星河-袁思睿.mp3
Feb 09 12:56 : update: added /晚风心里吹 - 阿梨粤.mp3
Feb 09 12:56 : update: added /世界末日之前 - Y.Z.H、李晨曦Chrisulous.mp3
Feb 09 12:56 : update: added /烟火里的尘埃.mp3
Feb 09 12:56 : update: added /插叙人生（Montage） - Y.Z.H、李晨曦Chrisulous.mp3
Feb 09 12:56 : update: added /李荣浩 - 年少有为.mp3
Feb 09 12:56 : update: added /你的答案.mp3
Feb 09 12:56 : update: added /你从未离去.mp3
Feb 09 12:56 : update: added /Grew Up At Midnight.mp3
Feb 09 12:56 : update: added /让一切随风 - 钟镇涛.mp3
Feb 09 12:56 : update: added /怒放的生命.mp3
Feb 09 12:56 : update: added /谜底.mp3
Feb 09 12:56 : update: added /人间烟火 - 程响.mp3
Feb 09 12:56 : update: added /要不要买菜-下山.mp3
Feb 09 12:56 : update: added /距离高考还有.mp3
Feb 09 12:56 : update: added /年少的你啊 - 浩然H.R.mp3
Feb 09 12:56 : update: added /一起去风里吧-小蓝背心.mp3
Feb 09 12:56 : update: added /yihuik苡慧 - 麦浪.mp3
Feb 09 12:56 : update: added /茫 - 李润祺.mp3
Feb 09 12:56 : update: added /川青_Morerare-下潜.mp3
Feb 09 12:56 : update: added /厚颜无耻.mp3
Feb 09 12:56 : update: added /华晨宇 - 好想爱这个世界啊.mp3
Feb 09 12:56 : update: added /春娇与志明.mp3
Feb 09 12:56 : update: added /NCF-艾力,Bater Offical - 黎明前的黑暗.mp3
Feb 09 12:56 : update: added /星星才唱歌.mp3
Feb 09 12:56 : update: added /One And Only (唯你)-满舒克.mp3
Feb 09 12:56 : update: added /游山恋.mp3
Feb 09 12:56 : update: added /王贰浪-寂寞烟火.mp3
Feb 09 12:56 : update: added /四季予你.mp3
Feb 09 12:56 : update: added /我可以.mp3
Feb 09 12:56 : update: added /耳朵.mp3
Feb 09 12:56 : update: added /dream it possible.mp3
Feb 09 12:56 : update: added /陈雷 - 欢喜就好.mp3
Feb 09 12:56 : update: added /许嵩 - 玫瑰花的葬礼.mp3
Feb 09 12:56 : update: added /有何不可 - 许嵩.mp3
Feb 09 12:56 : update: added /生来倔强-南征北战NZBZ.mp3
Feb 09 12:56 : update: added /ROSS AND RACHEL-Jake Miller.mp3
Feb 09 12:56 : update: added /High Road - Upstate.mp3
Feb 09 12:56 : update: added /王淇-可可托海的牧羊人.mp3
Feb 09 12:56 : update: added /去流浪-周笔畅.mp3
Feb 09 12:56 : update: added /白月光与朱砂痣-大籽.mp3
Feb 09 12:56 : update: added /奔赴-司南.mp3
Feb 09 12:56 : update: added /天高路远 - 南征北战NZBZ.mp3
Feb 09 12:56 : update: added /莫文蔚-这世界那么多人.mp3
Feb 09 12:56 : update: added /世间美好与你环环相扣.mp3
Feb 09 12:56 : update: added /最美的期待.mp3
Feb 09 12:56 : update: added /你曾是少年.mp3
Feb 09 12:56 : update: added /晴时多云-F_yy.mp3
Feb 09 12:56 : update: added /虞兮叹 - 闻人听書_.mp3
Feb 09 12:56 : update: added /叶启田 - 浪子的心情.mp3
Feb 09 12:56 : update: added /Good Time.mp3
Feb 09 12:56 : update: added /刘大壮 - 后来.mp3
Feb 09 12:56 : update: added /白羊.mp3
Feb 09 12:56 : update: added /心似烟火.mp3
Feb 09 12:56 : update: added /追风-颜人中.mp3
Feb 09 12:56 : update: added /The Weather Man.mp3
Feb 09 12:56 : update: added /一百万个可能-Christine Welch.mp3
Feb 09 12:56 : update: added /兰亭序 - 周杰伦.mp3
Feb 09 12:56 : update: added /执迷不悟.mp3
Feb 09 12:56 : update: added /time machine (feat. aren park) - mj apanay、aren park.mp3
Feb 09 12:56 : update: added /蓝心羽 - 春夏秋冬.mp3
Feb 09 12:56 : update: added /来自.mp3
Feb 09 12:56 : update: added /love story.mp3
Feb 09 12:56 : update: added /空城-杨坤.mp3
Feb 09 12:56 : update: added /等风吹-不是花火呀、小田音乐社.mp3
Feb 09 12:56 : update: added /王靖雯-善变.mp3
Feb 09 12:56 : update: added /你的星环.mp3
Feb 09 12:56 : update: added /空山新雨后-音阙诗听、锦零.mp3
Feb 09 12:56 : update: added /有理想.mp3
Feb 09 12:56 : update: added /毒药  - Zealot周星星.mp3
Feb 09 12:56 : update: added /大田后生仔.mp3
Feb 09 12:56 : update: added /MOM.mp3
Feb 09 12:56 : update: added /星火.mp3
Feb 09 12:56 : update: added /张韶涵 - 隐形的翅膀.mp3
Feb 09 12:56 : update: added /不是花火呀 - 记·念.mp3
Feb 09 12:56 : update: added /粉色星球.mp3
Feb 09 12:56 : update: added /患失-小好14、金奕彤Kim$J.mp3
Feb 09 12:56 : update: added /树洞-欧阳娜娜.mp3
Feb 09 12:56 : update: added /有梦的人别怕-陆思恒.mp3
Feb 09 12:56 : update: added /追光者-岑宁儿.mp3
Feb 09 12:56 : update: added /你相信平行时空吗-司南.mp3
Feb 09 12:56 : update: added /任然 - 疑心病.mp3
Feb 09 12:56 : update: added /飞得更高.mp3
Feb 09 12:56 : update: added /剪影 - en.mp3
Feb 09 12:56 : update: added /承桓 - 我会等.mp3
Feb 09 12:56 : update: added /去流浪.mp3
Feb 09 12:56 : update: added /orbit - Henry Moodie.mp3
Feb 09 12:56 : update: added /勇气.mp3
Feb 09 12:56 : update: added /嘲笑声-Big Daddy.mp3
Feb 09 12:56 : update: added /小虎队 - 爱.mp3
Feb 09 12:56 : update: added /范倪Liu - 南半球与北海道.mp3
Feb 09 12:56 : update: added /火红的萨日朗 - 要不要买菜.mp3
Feb 09 12:56 : update: added /To_Feel_Alive-Forester,Kidnap.mp3
Feb 09 12:56 : update: added /掌心之中-魏佳艺.mp3
Feb 09 12:56 : update: added /轻描淡写 - 虎皮蛋、抽口Choco、MoreLearn 27.mp3
Feb 09 12:56 : update: added /朴树-平凡之路.mp3
Feb 09 12:56 : update: added /祖国-南征北战NZBZ.mp3
Feb 09 12:56 : update: added /可能-程响.mp3
Feb 09 12:56 : update: added /like1999.mp3
Feb 09 12:56 : update: added /追梦赤子心.mp3
Feb 09 12:56 : update: added /不舍-颜人中.mp3
Feb 09 12:56 : update: added /清空.mp3
Feb 09 12:56 : update: added /冲破一切封锁，我们的答案-华为数据存储与机器视觉产品线管理团队.mp3
Feb 09 12:56 : update: added /任然-飞鸟和蝉.mp3
Feb 09 12:56 : update: added /起风了.mp3
Feb 09 12:56 : update: added /妈妈的话.mp3
Feb 09 12:56 : update: added /我的天空-南征北战NZBZ.mp3
Feb 09 12:56 : update: added /I Feel So Close To The Sweet Hall Of Fame.mp3
Feb 09 12:56 : update: added /那时初夏.mp3
Feb 09 12:56 : update: added /千千万万.mp3
Feb 09 12:56 : update: added /趁你还年轻.mp3
Feb 09 12:56 : update: added /极光-于果.mp3
Feb 09 12:56 : update: added /去年夏天-王大毛.mp3
Feb 09 12:56 : update: added /小雨天气.mp3
Feb 09 12:56 : update: added /蓝心羽-阿拉斯加海湾.mp3
Feb 09 12:56 : update: added /有梦可待-陈立农.mp3
Feb 09 12:56 : update: added /南征北战NZBZ - 我的天空(不插电版).mp3
Feb 09 12:56 : update: added /王靖雯-不知所措.mp3
Feb 09 12:56 : update: added /瞬 - 郑润泽.mp3
Feb 09 12:56 : update: added /王靖雯-爱，存在.mp3
Feb 09 12:56 : update: added /你对你的潜力一无所知.mp3
Feb 09 12:56 : update: added /热恋夏季(抒情版) - 陆杰awr.mp3
Feb 09 12:56 : update: added /提拉米苏-新乐尘符、李思雨.mp3
Feb 09 12:56 : update: added /最初的梦想-井柏然.mp3
Feb 09 12:56 : update: added /yihuik苡慧-银河与星斗.mp3
Feb 09 12:56 : update: added /夏夜最后的烟火 - 颜人中.mp3
Feb 09 12:56 : update: added /陈奕迅-孤勇者.mp3
Feb 09 12:56 : update: added /相信我们会创造奇迹.m4a
Feb 09 12:56 : update: added /陈雷 - 海海人生.mp3
Feb 09 12:56 : update: added /将你归还于人海-妍狗.mp3
Feb 09 12:56 : update: added /最初的梦想.mp3
Feb 09 12:56 : update: added /稻香-周杰伦.mp3
Feb 09 12:56 : update: added /气象站台.mp3
Feb 09 12:56 : update: added /人生的道场 - 魏佳艺.mp3
Feb 09 12:56 : update: added /有种-孟美岐.mp3
Feb 09 12:56 : update: added /eighteen-Henry_Moodie.mp3
Feb 09 12:56 : update: added /徐誉滕 - 等一分钟.mp3
Feb 09 12:56 : update: added /入海.mp3
Feb 09 12:56 : update: added /世界这么大还是遇见你-清新的小女孩（中文版）.mp3
Feb 09 12:56 : update: added /没有理由.mp3
Feb 09 12:56 : update: added /I_Wish-Tom_MacDonald.mp3
Feb 09 12:56 : update: added /Five Hundred Miles - Justin Timberlake、Carey Mulligan、Stark Sands.mp3
Feb 09 12:56 : update: added /朱砂.mp3
Feb 09 12:56 : update: added /Inside_Out-Mokita.mp3
Feb 09 12:56 : update: added /不喜欢下雨天.mp3
Feb 09 12:56 : update: added /城市傍晚-毛不易.mp3
Feb 09 12:56 : update: added /云端飞行-是二智呀.mp3
Feb 09 12:56 : update: added /天与海-Kiki.mp3
Feb 09 12:56 : update: added /真的爱你.mp3
Feb 09 12:56 : update: added /不是花火呀、小田音乐社 - 如一.mp3
Feb 09 12:56 : update: added /青葱岁月.mp3
Feb 09 12:56 : update: added /叶启田 - 最後的探戈.mp3
Feb 09 12:56 : update: added /你是人间四月天.mp3
Feb 09 12:56 : update: added /逃跑计划-夜空中最亮的星.mp3
Feb 09 12:56 : update: added /修炼爱情.mp3
Feb 09 12:56 : update: added /我与青春在赛跑-刘惜君.mp3
Feb 09 12:56 : update: added /明天你好-牛奶咖啡.mp3
Feb 09 12:56 : update: added /藤柒吖 - 小城小爱 (温柔女声版).mp3
Feb 09 12:56 : update: added /夏夜灯塔.mp3
Feb 09 13:00 : player: played "插叙人生（Montage） - Y.Z.H、李晨曦Chrisulous.mp3"
Feb 09 13:05 : player: played "瞬 - 郑润泽.mp3"
Feb 09 13:10 : player: played "茄子蛋 - 浪子回頭.mp3"
Feb 09 19:19 : player: played "See You Again-See You Again.mp3"
Feb 09 21:44 : config: option 'buffer_time' on line 219 was not recognized
Feb 09 21:49 : player: played "一路向北 - 周杰伦.mp3"
Feb 09 21:54 : player: played "追风-颜人中.mp3"
Feb 09 21:58 : player: played "陈雷 - 海海人生.mp3"
Feb 09 22:02 : player: played "雨爱（雨上晴空）.mp3"
Feb 09 22:06 : player: played "去流浪-周笔畅.mp3"
Feb 10 10:40 : output: Failed to play on "My Pulse Output" (pulse): suspended
Feb 11 10:18 : player: played "你相信平行时空吗-司南.mp3"
Feb 11 14:17 : config: option 'buffer_time' on line 219 was not recognized
Feb 11 14:21 : player: played "爱与狂想-新乐尘符、谣君.mp3"
Feb 11 14:25 : player: played "五四版错位时空.mp3"
Feb 11 14:28 : player: played "毒药  - Zealot周星星.mp3"
Feb 11 14:32 : player: played "恋爱画板.mp3"
Feb 11 14:37 : player: played "星火.mp3"
Feb 11 14:41 : player: played "坠落星空-小星星Aurora.mp3"
Feb 11 14:44 : player: played "命运.mp3"
Feb 11 14:48 : player: played "陈雷 - 海海人生.mp3"
Feb 11 14:51 : player: played "不喜欢下雨天.mp3"
Feb 11 14:55 : player: played "篝火旁.mp3"
Feb 11 14:59 : player: played "朱砂.mp3"
Feb 11 15:03 : player: played "李白.mp3"
Feb 11 15:08 : player: played "Umbrella (Matte Remix).mp3"
Feb 11 15:11 : player: played "Michael Martin Murphey - Lost River.mp3"
Feb 11 15:15 : player: played "不是花火呀 - 记·念.mp3"
Feb 11 15:18 : player: played "冲破一切封锁，我们的答案-华为数据存储与机器视觉产品线管理团队.mp3"
Feb 11 15:24 : player: played "朴树-平凡之路.mp3"
Feb 11 15:29 : player: played "大鱼.mp3"
Feb 11 15:32 : player: played "Jake Miller - LAST TEXT.mp3"
Feb 11 15:36 : player: played "世界这么大还是遇见你-清新的小女孩（中文版）.mp3"
Feb 11 15:39 : player: played "Chase White、Jimmy Burney - Mrs Right.mp3"
Feb 11 15:43 : player: played "dream it possible.mp3"
Feb 11 15:46 : player: played "One And Only (唯你)-满舒克.mp3"
Feb 11 15:50 : player: played "南征北战NZBZ - 我的天空(不插电版).mp3"
Feb 11 15:55 : player: played "将你归还于人海-妍狗.mp3"
Feb 11 15:59 : player: played "万有引力 - F_yy.mp3"
Feb 11 16:04 : player: played "The Weather Man.mp3"
Feb 11 16:07 : player: played "白月光与朱砂痣-大籽.mp3"
Feb 11 16:11 : player: played "青葱岁月.mp3"
Feb 11 16:14 : player: played "I Feel So Close To The Sweet Hall Of Fame.mp3"
Feb 11 16:18 : player: played "我的名字-袁小葳.mp3"
Feb 11 16:22 : player: played "粉色星球.mp3"
Feb 11 16:26 : player: played "不是花火呀、小田音乐社 - 如一.mp3"
Feb 11 16:29 : player: played "陈雷 - 欢喜就好.mp3"
Feb 11 16:33 : player: played "陈奕迅-孤勇者.mp3"
Feb 11 16:37 : player: played "回到夏天.mp3"
Feb 11 16:43 : player: played "回到夏天.mp3"
Feb 11 16:47 : player: played "春娇与志明.mp3"
Feb 11 16:50 : player: played "游山恋.mp3"
Feb 11 16:58 : player: played "陈苏通 - 水手+星星点灯（新版）.mp3"
Feb 11 17:02 : player: played "来自.mp3"
Feb 11 17:05 : player: played "小蓝背心 - 微风与你.mp3"
Feb 11 17:48 : player: played "最美的期待.mp3"
Feb 11 22:02 : config: option 'buffer_time' on line 219 was not recognized
Feb 11 22:08 : player: played "朴树-平凡之路.mp3"
Feb 11 22:13 : player: played "无名的人-毛不易.mp3"
Feb 11 22:17 : player: played "耳朵.mp3"
Feb 12 08:12 : player: played "你的轮廓.mp3"
Feb 12 08:15 : player: played "不是花火呀 - 记·念.mp3"
Feb 12 08:20 : player: played "Beyond-光辉岁月.mp3"
Feb 12 08:24 : player: played "ROSS AND RACHEL-Jake Miller.mp3"
Feb 12 08:27 : player: played "陈雷 - 欢喜就好.mp3"
Feb 12 08:32 : player: played "Andy(烟嗓版) - 半吨兄弟.mp3"
Feb 12 08:35 : player: played "Noel Parlane - Everybody's Here.mp3"
Feb 12 08:39 : player: played "和风赴你-司南.mp3"
Feb 12 08:43 : player: played "不是花火呀、小田音乐社 - 如一.mp3"
Feb 12 08:47 : player: played "王靖雯-善变.mp3"
Feb 12 08:52 : player: played "明天你好-牛奶咖啡.mp3"
Feb 12 08:57 : player: played "水星记.mp3"
Feb 12 10:33 : player: played "任然-飞鸟和蝉.mp3"
Feb 12 10:36 : player: played "青葱岁月.mp3"
Feb 12 10:40 : player: played "距离高考还有.mp3"
Feb 12 10:43 : player: played "余生皆是你-小蓝背心.mp3"
Feb 12 10:47 : player: played "你是人间四月天.mp3"
Feb 12 10:53 : player: played "王贰浪-寂寞烟火.mp3"
Feb 12 10:57 : player: played "夏夜灯塔.mp3"
Feb 12 11:01 : player: played "万有引力 - F_yy.mp3"
Feb 12 11:07 : player: played "王淇-可可托海的牧羊人.mp3"
Feb 12 11:11 : player: played "南征北战NZBZ - 我的天空(不插电版).mp3"
Feb 12 11:14 : player: played "我不信你不惭愧(是你的心里有鬼) - 耳朵便利店.mp3"
Feb 12 11:18 : player: played "Grew Up At Midnight.mp3"
Feb 12 11:22 : player: played "向云端 - 小霞、海洋Bo.mp3"
Feb 12 11:25 : player: played "来自.mp3"
Feb 12 11:30 : player: played "黄霄雲-重返地球.mp3"
Feb 12 11:33 : player: played "迷失幻境-IN.mp3"
Feb 12 11:37 : player: played "城市傍晚-毛不易.mp3"
Feb 12 11:42 : player: played "修炼爱情.mp3"
Feb 12 11:45 : player: played "插叙人生（Montage） - Y.Z.H、李晨曦Chrisulous.mp3"
Feb 12 11:48 : player: played "Jake Miller - LAST TEXT.mp3"
Feb 12 11:52 : player: played "像我这样的人-毛不易.mp3"
Feb 12 11:56 : player: played "祖国-南征北战NZBZ.mp3"
Feb 12 11:59 : player: played "晚风心里吹 - 阿梨粤.mp3"
Feb 12 12:03 : player: played "叶启田 - 最後的探戈.mp3"
Feb 12 12:06 : player: played "你相信平行时空吗-司南.mp3"
Feb 12 12:53 : player: played "湖-李棒棒Muti.mp3"
Feb 12 12:56 : player: played "放空.mp3"
Feb 12 12:59 : player: played "蓝心羽 - 春夏秋冬.mp3"
Feb 12 13:01 : player: played "喀秋莎.mp3"
Feb 12 13:04 : player: played "轻描淡写 - 虎皮蛋、抽口Choco、MoreLearn 27.mp3"
Feb 12 13:09 : player: played "王靖雯-爱，存在.mp3"
Feb 12 13:13 : player: played "执迷不悟.mp3"
Feb 12 13:16 : player: played "Inside_Out-Mokita.mp3"
Feb 12 13:20 : player: played "致你-yihuik苡慧.mp3"
Feb 12 13:25 : player: played "不舍-颜人中.mp3"
Feb 12 13:32 : player: played "将你归还于人海-妍狗.mp3"
Feb 12 13:36 : player: played "我可以.mp3"
Feb 12 15:59 : player: played "你的答案.mp3"
Feb 12 16:04 : player: played "着迷.mp3"
Feb 12 16:08 : player: played "命运.mp3"
Feb 12 16:12 : player: played "Beyond - 海阔天空.mp3"
Feb 12 16:16 : player: played "有些.mp3"
Feb 12 16:19 : player: played "陪你走过一年四季.mp3"
Feb 12 18:18 : player: played "茫 - 李润祺.mp3"
Feb 12 18:21 : player: played "最初的梦想.mp3"
Feb 12 19:00 : player: played "Back to That(Stripped) - Jared Lee.mp3"
Feb 12 19:04 : player: played "我的天空-南征北战NZBZ.mp3"
Feb 12 19:07 : player: played "How I Lost Control.mp3"
Feb 12 19:10 : player: played "要不要买菜-下山.mp3"
Feb 12 19:16 : player: played "入海.mp3"
Feb 12 19:20 : player: played "去流浪-周笔畅.mp3"
Feb 12 19:24 : player: played "See You Again-See You Again.mp3"
Feb 12 19:28 : player: played "One And Only (唯你)-满舒克.mp3"
Feb 12 19:32 : player: played "这个世界谁真的在乎我 - 常超凡.mp3"
Feb 12 19:36 : player: played "万有引力.mp3"
Feb 12 19:40 : player: played "热恋夏季(抒情版) - 陆杰awr.mp3"
Feb 12 19:43 : player: played "MOM.mp3"
Feb 12 19:46 : player: played "粉色星球.mp3"
Feb 12 19:50 : player: played "逃跑计划-夜空中最亮的星.mp3"
Feb 12 19:53 : player: played "世间美好与你环环相扣.mp3"
Feb 12 19:56 : player: played "shall we talk.（acoustic） - 8bite.mp3"
Feb 12 20:00 : player: played "没有理由.mp3"
Feb 12 20:04 : player: played "朱砂.mp3"
Feb 12 20:07 : player: played "提拉米苏-新乐尘符、李思雨.mp3"
Feb 12 20:14 : player: played "追风-颜人中.mp3"
Feb 12 20:18 : player: played "生来倔强-南征北战NZBZ.mp3"
Feb 12 20:27 : player: played "怒放的生命.mp3"
Feb 12 20:32 : player: played "一叶知秋 - Y.Z.H、李晨曦Chrisulous.mp3"
Feb 12 20:39 : player: played "插叙人生（Montage） - Y.Z.H、李晨曦Chrisulous.mp3"
Feb 12 20:42 : player: played "一叶知秋 - Y.Z.H、李晨曦Chrisulous.mp3"
Feb 12 21:05 : player: played "一叶知秋 - Y.Z.H、李晨曦Chrisulous.mp3"
Feb 12 21:09 : player: played "一叶知秋 - Y.Z.H、李晨曦Chrisulous.mp3"
Feb 12 21:32 : player: played "我从人间走过(实体版) - 瞳荧.mp3"
Feb 12 21:36 : player: played "可不可以.mp3"
Feb 12 21:40 : player: played "朱砂.mp3"
Feb 12 21:45 : player: played "Beyond-光辉岁月.mp3"
Feb 12 21:49 : player: played "yihuik苡慧 - 如果呢（女声版）.mp3"
Feb 12 21:51 : player: played "我不信你不惭愧(是你的心里有鬼) - 耳朵便利店.mp3"
Feb 12 21:56 : player: played "有种-孟美岐.mp3"
Feb 12 21:59 : player: played "空山新雨后-音阙诗听、锦零.mp3"
Feb 12 22:02 : player: played "听悲伤的情歌 - 苏星婕.mp3"
Feb 13 12:09 : player: played "南征北战NZBZ - 我的天空(不插电版).mp3"
Feb 13 12:13 : player: played "世界这么大还是遇见你-清新的小女孩（中文版）.mp3"
Feb 13 12:17 : player: played "许嵩 - 玫瑰花的葬礼.mp3"
Feb 13 12:20 : player: played "Have You Ever Seen The Rain(feat. Music Travel Love) - Horizon Blue、Bob Moffatt、Clint Moffatt、Music Travel Love.mp3"
Feb 13 12:25 : player: played "一路向北 - 周杰伦.mp3"
Feb 13 12:28 : player: played "世间美好与你环环相扣.mp3"
Feb 13 12:31 : player: played "和风赴你-司南.mp3"
Feb 13 12:35 : player: played "Noel Parlane - Everybody's Here.mp3"
Feb 13 12:39 : player: played "剪影 - en.mp3"
Feb 13 12:42 : player: played "陈雷 - 欢喜就好.mp3"
Feb 13 12:45 : player: played "LBI利比 - 洛杉矶.mp3"
Feb 13 12:49 : player: played "The Weather Man.mp3"
Feb 13 12:53 : ffmpeg/aac: Could not update timestamps for skipped samples.
Feb 13 12:53 : player: played "有梦可待-陈立农.mp3"
Feb 13 12:58 : player: played "相信我们会创造奇迹.m4a"
Feb 13 13:06 : player: played "陈苏通 - 水手+星星点灯（新版）.mp3"
Feb 13 13:09 : player: played "你总要学会往前走 (男版) - 小灿.mp3"
Feb 13 13:14 : player: played "水星记.mp3"
Feb 13 13:19 : player: played "任然 - 疑心病.mp3"
Feb 13 13:22 : player: played "yihuik苡慧 - 麦浪.mp3"
Feb 13 13:26 : player: played "云端飞行-是二智呀.mp3"
Feb 13 13:29 : player: played "要不要买菜-下山.mp3"
Feb 13 13:31 : player: played "藤柒吖 - 小城小爱 (温柔女声版).mp3"
Feb 13 13:35 : player: played "不是花火呀、小田音乐社 - 如一.mp3"
Feb 13 13:40 : player: played "修炼爱情.mp3"
Feb 13 13:44 : player: played "国际歌-唐朝乐队.mp3"
Feb 13 13:47 : player: played "后来的你在哪 - 树泽.mp3"
Feb 13 13:51 : player: played "光.mp3"
Feb 13 13:52 : player: played "执迷不悟.mp3"
Feb 13 21:47 : config: option 'buffer_time' on line 219 was not recognized
Feb 13 21:50 : player: played "XMASwu(吴骜) - 7 %.mp3"
Feb 13 21:53 : player: played "一起去风里吧-小蓝背心.mp3"
Feb 13 21:57 : player: played "叶启田 - 浪子的心情.mp3"
Feb 13 22:01 : player: played "追风-颜人中.mp3"
Feb 13 22:05 : player: played "剪影 - en.mp3"
Feb 14 17:02 : player: played "Back to That(Stripped) - Jared Lee.mp3"
Feb 14 17:05 : player: played "任然 - 你好陌生人.mp3"
Feb 14 17:08 : player: played "白羊.mp3"
Feb 14 22:52 : player: played "刚好遇见你 - 李玉刚.mp3"
Feb 15 10:02 : player: played "火红的萨日朗 - 要不要买菜.mp3"
Feb 15 10:06 : player: played "可不可以.mp3"
Feb 15 10:10 : player: played "心似烟火.mp3"
Feb 15 10:14 : player: played "小蓝背心 - 星空与你.mp3"
Feb 15 10:18 : player: played "JAEFOREAL、蜡笔大Boom - 追梦的蚂蚁.mp3"
Feb 15 10:22 : player: played "逃跑计划-夜空中最亮的星.mp3"
Feb 15 10:27 : player: played "将你归还于人海-妍狗.mp3"
Feb 15 10:30 : player: played "Five Hundred Miles - Justin Timberlake、Carey Mulligan、Stark Sands.mp3"
Feb 15 10:35 : player: played "我在未来等你-好妹妹.mp3"
Feb 15 10:39 : player: played "世界这么大还是遇见你-清新的小女孩（中文版）.mp3"
Feb 15 10:42 : player: played "年少的你啊 - 浩然H.R.mp3"
Feb 15 10:46 : player: played "天高路远 - 南征北战NZBZ.mp3"
Feb 15 10:49 : player: played "世间美好与你环环相扣.mp3"
Feb 15 10:54 : player: played "不舍-颜人中.mp3"
Feb 15 10:58 : player: played "无名之辈-陈雪燃.mp3"
Feb 15 11:01 : player: played "陈雷 - 欢喜就好.mp3"
Feb 15 11:08 : player: played "月亮之矢 - 孤矢、虞娱.mp3"
Feb 15 11:12 : player: played "陈雪凝 - 你的酒馆对我打了烊.mp3"
Feb 15 11:16 : player: played "光.mp3"
Feb 15 11:20 : player: played "王贰浪-寂寞烟火.mp3"
Feb 15 11:24 : player: played "人生的道场 - 魏佳艺.mp3"
Feb 15 13:28 : player: played "星星才唱歌.mp3"
Feb 15 21:16 : config: option 'buffer_time' on line 219 was not recognized
Feb 15 21:20 : player: played "后来的你在哪 - 树泽.mp3"
Feb 15 21:20 : config: option 'buffer_time' on line 219 was not recognized
Feb 15 21:20 : player: played "后来的你在哪 - 树泽.mp3"
Feb 15 21:23 : player: played "稻香-周杰伦.mp3"
Feb 15 21:27 : player: played "范倪Liu - 南半球与北海道.mp3"
Feb 15 21:30 : player: played "潮汐.mp3"
Feb 15 21:33 : player: played "湖-李棒棒Muti.mp3"
Feb 15 21:36 : player: played "粉色星球.mp3"
Feb 15 21:39 : player: played "Slushii-Past_Lives.mp3"
Feb 15 21:46 : player: played "追光者-岑宁儿.mp3"
Feb 15 21:49 : player: played "青葱岁月.mp3"
Feb 15 22:08 : player: played "花海 - 周杰伦.mp3"
Feb 16 09:45 : player: played "热恋夏季(抒情版) - 陆杰awr.mp3"
Feb 16 09:50 : player: played "王靖雯-善变.mp3"
Feb 16 09:54 : player: played "逃跑计划-夜空中最亮的星.mp3"
Feb 16 09:59 : player: played "许嵩 - 玫瑰花的葬礼.mp3"
Feb 16 10:02 : player: played "Sick Of You - Mason Murphy、Parker Rudd.mp3"
Feb 16 10:06 : player: played "叶启田 - 浪子的心情.mp3"
Feb 16 10:09 : player: played "不是花火呀 - 记·念.mp3"
Feb 16 10:13 : player: played "love story.mp3"
Feb 16 10:17 : player: played "梦然 - 少年.mp3"
Feb 16 10:21 : player: played "可不可以.mp3"
Feb 16 10:25 : player: played "祖国-南征北战NZBZ.mp3"
Feb 16 10:29 : player: played "雨爱（雨上晴空）.mp3"
Feb 16 10:33 : player: played "我的名字-袁小葳.mp3"
Feb 16 10:37 : player: played "将你归还于人海-妍狗.mp3"
Feb 16 10:42 : player: played "瞬 - 郑润泽.mp3"
Feb 16 10:48 : player: played "刘大壮 - 后来.mp3"
Feb 16 10:56 : player: played "夏夜灯塔.mp3"
Feb 16 11:00 : player: played "来自.mp3"
Feb 16 11:03 : player: played "可能-程响.mp3"
Feb 16 11:08 : player: played "你曾是少年.mp3"
Feb 16 11:11 : player: played "Noel Parlane - Everybody's Here.mp3"
Feb 16 11:16 : player: played "李荣浩 - 年少有为.mp3"
Feb 16 11:20 : player: played "7 Years-Lukas Graham.mp3"
Feb 16 11:24 : player: played "会不会.mp3"
Feb 16 12:11 : player: played "shall we talk.（acoustic） - 8bite.mp3"
Feb 16 12:16 : player: played "李白.mp3"
Feb 16 12:19 : player: played "云端飞行-是二智呀.mp3"
Feb 16 12:22 : player: played "大田后生仔.mp3"
Feb 16 12:25 : player: played "最初的梦想-井柏然.mp3"
Feb 16 12:29 : player: played "四季予你.mp3"
Feb 16 12:33 : player: played "最美的期待.mp3"
Feb 16 12:36 : player: played "迷失幻境-IN.mp3"
Feb 16 12:39 : player: played "篝火旁.mp3"
Feb 16 12:42 : player: played "提拉米苏-新乐尘符、李思雨.mp3"
Feb 16 12:46 : player: played "我的天空-南征北战NZBZ.mp3"
Feb 16 12:51 : player: played "我都明白.mp3"
Feb 16 12:56 : player: played "兰亭序 - 周杰伦.mp3"
Feb 16 12:59 : player: played "我的纸飞机 - GooGoo、王之睿.mp3"
Feb 16 13:02 : player: played "等风吹-不是花火呀、小田音乐社.mp3"
Feb 16 13:05 : player: played "白羊.mp3"
Feb 16 13:08 : player: played "一起去风里吧-小蓝背心.mp3"
Feb 16 13:12 : player: played "你的星环.mp3"
Feb 16 13:16 : player: played "不是花火呀、小田音乐社 - 如一.mp3"
Feb 16 13:20 : player: played "极光-于果.mp3"
Feb 16 13:24 : player: played "yihuik苡慧 - 如果呢（女声版）.mp3"
Feb 16 13:28 : player: played "真的爱你.mp3"
Feb 16 13:33 : player: played "王靖雯-爱，存在.mp3"
Feb 16 13:36 : player: played "I Feel So Close To The Sweet Hall Of Fame.mp3"
Feb 16 13:40 : player: played "程佳佳-山楂树の恋.mp3"
Feb 16 13:44 : player: played "无名的人-毛不易.mp3"
Feb 16 13:50 : player: played "dream it possible.mp3"
Feb 16 13:54 : player: played "世间美好与你环环相扣.mp3"
Feb 16 13:57 : player: played "着迷.mp3"
Feb 16 14:01 : player: played "My Heart Will Go On - 满舒克、MuSik I.mp3"
Feb 16 14:06 : player: played "晴时多云-F_yy.mp3"
Feb 16 14:11 : player: played "一路向北 - 周杰伦.mp3"
Feb 16 14:14 : player: played "yihuik苡慧-银河与星斗.mp3"
Feb 16 14:17 : player: played "妈妈的话.mp3"
Feb 16 14:22 : player: played "起风了.mp3"
Feb 16 14:26 : player: played "坠落星空-小星星Aurora.mp3"
Feb 16 14:30 : player: played "星河万里.mp3"
Feb 16 14:32 : player: played "LBI利比 - 洛杉矶.mp3"
Feb 16 14:35 : player: played "要不要买菜-下山.mp3"
Feb 16 14:41 : player: played "Back to That(Stripped) - Jared Lee.mp3"
Feb 16 14:45 : player: played "蓝心羽-阿拉斯加海湾.mp3"
Feb 16 14:49 : player: played "冲破一切封锁，我们的答案-华为数据存储与机器视觉产品线管理团队.mp3"
Feb 16 14:51 : player: played "陪你走过一年四季.mp3"
Feb 16 14:57 : player: played "周杰伦-晴天.mp3"
Feb 16 15:01 : player: played "患失-小好14、金奕彤Kim$J.mp3"
Feb 16 15:07 : player: played "飞得更高.mp3"
Feb 16 15:11 : player: played "time machine (feat. aren park) - mj apanay、aren park.mp3"
Feb 16 15:15 : player: played "小蓝背心 - 微风与你.mp3"
Feb 16 15:19 : player: played "光年之外 (电影《太空旅客》主题曲).mp3"
Feb 16 15:25 : player: played "王淇-可可托海的牧羊人.mp3"
Feb 16 15:29 : player: played "怒放的生命.mp3"
Feb 16 15:34 : player: played "平凡的一天-毛不易.mp3"
Feb 16 15:38 : player: played "明天你好-牛奶咖啡.mp3"
Feb 16 15:43 : player: played "夏夜最后的烟火 - 颜人中.mp3"
Feb 16 15:48 : player: played "微微.mp3"
Feb 16 15:52 : player: played "一路生花 - 温奕心.mp3"
Feb 16 15:56 : player: played "你从未离去.mp3"
Feb 16 16:00 : player: played "勇气.mp3"
Feb 16 16:04 : player: played "修炼爱情.mp3"
Feb 16 16:07 : player: played "喀秋莎.mp3"
Feb 18 07:54 : config: option 'buffer_time' on line 219 was not recognized
Feb 18 07:58 : player: played "承桓 - 我会等.mp3"
Feb 18 08:02 : player: played "love story.mp3"
Feb 18 08:05 : player: played "eighteen-Henry_Moodie.mp3"
Feb 18 08:08 : player: played "后来的你在哪 - 树泽.mp3"
Feb 18 08:12 : player: played "提拉米苏-新乐尘符、李思雨.mp3"
Feb 18 08:17 : player: played "Beyond-光辉岁月.mp3"
Feb 18 09:13 : player: played "嘲笑声-Big Daddy.mp3"
Feb 18 09:17 : player: played "让一切随风 - 钟镇涛.mp3"
Feb 18 09:20 : player: played "小雨天气.mp3"
Feb 18 09:24 : player: played "你的星环.mp3"
Feb 18 09:27 : player: played "大田后生仔.mp3"
Feb 18 10:29 : player: played "清空.mp3"
Feb 18 10:32 : player: played "I_Wish-Tom_MacDonald.mp3"
Feb 18 10:35 : player: played "妈妈的话.mp3"
Feb 18 10:38 : player: played "XMASwu(吴骜) - 7 %.mp3"
Feb 18 10:41 : player: played "黄霄雲-星辰大海.mp3"
Feb 18 10:45 : player: played "夏夜灯塔.mp3"
Feb 18 10:50 : player: played "微微.mp3"
Feb 18 10:54 : player: played "陈奕迅-孤勇者.mp3"
Feb 18 11:01 : player: played "I Feel So Close To The Sweet Hall Of Fame.mp3"
Feb 18 11:08 : player: played "谜底.mp3"
Feb 18 11:13 : player: played "一百万个可能-Christine Welch.mp3"
Feb 18 11:15 : player: played "NCF-艾力,Bater Offical - 黎明前的黑暗.mp3"
Feb 18 11:19 : player: played "人生的道场 - 魏佳艺.mp3"
Feb 18 11:23 : player: played "火红的萨日朗 - 要不要买菜.mp3"
Feb 18 11:26 : player: played "范倪Liu - 南半球与北海道.mp3"
Feb 18 11:30 : player: played "万有引力 - F_yy.mp3"
Feb 18 11:35 : player: played "去流浪.mp3"
Feb 18 11:38 : player: played "Good Time.mp3"
Feb 18 11:42 : player: played "Alan Walker - Faded.mp3"
Feb 18 11:45 : player: played "小蓝背心 - 微风与你.mp3"
Feb 18 11:50 : player: played "李白.mp3"
Feb 18 11:52 : player: played "空山新雨后-音阙诗听、锦零.mp3"
Feb 18 11:56 : player: played "插叙人生（Montage） - Y.Z.H、李晨曦Chrisulous.mp3"
Feb 18 11:59 : player: played "程佳佳-山楂树の恋.mp3"
Feb 18 12:05 : player: played "我的名字-袁小葳.mp3"
Feb 18 12:09 : player: played "小虎队 - 爱.mp3"
Feb 18 12:12 : player: played "野花做了场玫瑰花的梦 - 杨友友.mp3"
Feb 18 12:16 : player: played "yihuik苡慧-银河与星斗.mp3"
Feb 18 12:20 : player: played "回到夏天.mp3"
Feb 18 12:22 : player: played "气象站台.mp3"
Feb 18 12:25 : player: played "Back to That(Stripped) - Jared Lee.mp3"
Feb 18 12:27 : player: played "喀秋莎.mp3"
Feb 18 12:31 : player: played "Grew Up At Midnight.mp3"
Feb 18 12:36 : player: played "花海 - 周杰伦.mp3"
Feb 18 12:40 : player: played "See You Again-See You Again.mp3"
Feb 18 12:44 : player: played "我与青春在赛跑-刘惜君.mp3"
Feb 18 12:48 : player: played "五四版错位时空.mp3"
Feb 18 12:51 : player: played "最初的梦想.mp3"
Feb 18 12:56 : player: played "大鱼.mp3"
Feb 18 12:58 : player: played "Slushii-Past_Lives.mp3"
Feb 18 13:02 : player: played "王贰浪-寂寞烟火.mp3"
Feb 18 13:10 : player: played "来自.mp3"
Feb 18 13:15 : player: played "瞬 - 郑润泽.mp3"
Feb 18 13:18 : player: played "篝火旁.mp3"
Feb 18 13:23 : ffmpeg/aac: Could not update timestamps for skipped samples.
Feb 18 13:23 : player: played "璨乐团 - 飞-致我们的星辰大海.mp3"
Feb 18 13:30 : player: played "等风吹-不是花火呀、小田音乐社.mp3"
Feb 18 13:34 : player: played "天高路远 - 南征北战NZBZ.mp3"
Feb 18 13:37 : player: played "要不要买菜-下山.mp3"
Feb 18 13:43 : player: played "刘大壮 - 后来.mp3"
Feb 18 13:46 : player: played "星空剪影.mp3"
Feb 18 14:09 : player: played "雨爱（雨上晴空）.mp3"
Feb 18 14:12 : player: played "奔赴-司南.mp3"
Feb 18 14:16 : player: played "月亮之矢 - 孤矢、虞娱.mp3"
Feb 18 14:20 : player: played "你的轮廓.mp3"
Feb 18 14:24 : player: played "没有理由.mp3"
Feb 18 14:28 : player: played "追风-颜人中.mp3"
Feb 18 14:33 : player: played "明天你好-牛奶咖啡.mp3"
Feb 18 14:37 : player: played "可不可以.mp3"
Feb 18 14:40 : player: played "shall we talk.（acoustic） - 8bite.mp3"
Feb 18 14:43 : player: played "Inside_Out-Mokita.mp3"
Feb 18 14:47 : player: played "游山恋.mp3"
Feb 18 14:50 : player: played "Noel Parlane - Everybody's Here.mp3"
Feb 18 14:53 : player: played "厚颜无耻.mp3"
Feb 18 14:57 : player: played "热恋夏季(抒情版) - 陆杰awr.mp3"
Feb 18 15:01 : player: played "有何不可 - 许嵩.mp3"
Feb 18 15:04 : player: played "掌心之中-魏佳艺.mp3"
Feb 18 15:09 : player: played "空城-杨坤.mp3"
Feb 18 15:13 : player: played "叶启田 - 爱拼才会赢(闽).mp3"
Feb 18 15:17 : player: played "周杰伦-晴天.mp3"
Feb 18 15:20 : player: played "一起去风里吧-小蓝背心.mp3"
Feb 18 15:24 : player: played "周杰伦-告白气球.mp3"
Feb 18 15:28 : player: played "所念皆星河-房东的猫.mp3"
Feb 18 15:32 : player: played "你从未离去.mp3"
Feb 18 15:34 : output: Failed to play on "My Pulse Output" (pulse): suspended
Feb 18 21:39 : player: played "你相信平行时空吗-司南.mp3"
Feb 18 21:43 : player: played "Beyond - 海阔天空.mp3"
Feb 18 21:46 : player: played "听悲伤的情歌 - 苏星婕.mp3"
Feb 18 21:55 : player: played "所念皆星河-袁思睿.mp3"
Feb 18 21:59 : player: played "向云端 - 小霞、海洋Bo.mp3"
Feb 18 22:03 : player: played "Carry You Home(feat.Maruja Retana&RUI).mp3"
Feb 18 22:07 : player: played "人间烟火 - 程响.mp3"
Feb 18 22:12 : player: played "真的爱你.mp3"
Feb 18 22:16 : player: played "time machine (feat. aren park) - mj apanay、aren park.mp3"
Feb 18 22:20 : player: played "千千万万.mp3"
Feb 18 22:24 : player: played "夏天的风.mp3"
Feb 18 22:28 : player: played "梦然 - 少年.mp3"
Feb 18 22:31 : player: played "患失-小好14、金奕彤Kim$J.mp3"
Feb 18 22:35 : player: played "毒药  - Zealot周星星.mp3"
Feb 18 22:37 : player: played "How I Lost Control.mp3"
Feb 18 22:41 : player: played "你的答案.mp3"
Feb 19 09:37 : player: played "Jake Miller - LAST TEXT.mp3"
Feb 19 19:47 : config: option 'buffer_time' on line 219 was not recognized
Feb 19 19:50 : player: played "Jake Miller - LAST TEXT.mp3"
Feb 19 19:54 : player: played "微微.mp3"
Feb 19 19:59 : player: played "你的答案.mp3"
Feb 20 12:49 : config: option 'buffer_time' on line 219 was not recognized
Feb 20 12:49 : client: [1] command "currentsong" during idle
Feb 20 13:13 : player: played "剪影 - en.mp3"
Feb 20 13:17 : player: played "火红的萨日朗 - 要不要买菜.mp3"
Feb 20 13:21 : player: played "华晨宇 - 好想爱这个世界啊.mp3"
Feb 20 13:26 : player: played "yihuik苡慧-银河与星斗.mp3"
Feb 20 13:26 : config: option 'buffer_time' on line 219 was not recognized
Feb 20 13:27 : player: played "yihuik苡慧-银河与星斗.mp3"
Feb 20 13:31 : player: played "剪影 - en.mp3"
Feb 20 13:35 : player: played "剪影 - en.mp3"
Feb 20 13:39 : player: played "剪影 - en.mp3"
Feb 20 13:43 : player: played "剪影 - en.mp3"
Feb 20 13:52 : player: played "火红的萨日朗 - 要不要买菜.mp3"
Feb 20 13:56 : player: played "任然 - 你好陌生人.mp3"
